C51 COMPILER V9.54   MAIN                                                                  09/22/2025 22:29:56 PAGE 1   


C51 COMPILER V9.54, COMPILATION OF MODULE MAIN
OBJECT MODULE PLACED IN .\Objects\main.obj
COMPILER INVOKED BY: D:\Keil_v5\C51\BIN\C51.EXE main.c OPTIMIZE(8,SPEED) BROWSE DEBUG OBJECTEXTEND PRINT(.\Listings\main
                    -.lst) TABS(2) OBJECT(.\Objects\main.obj)

line level    source

   1          #include <REGX52.H>
   2          #include <INTRINS.H>
   3          void Delayms(int n) //@11.0592MHz
   4          {
   5   1          int i;
   6   1          for(i = 0; i < n; i++){
   7   2              unsigned char data i, j;
   8   2              _nop_();
   9   2              _nop_();
  10   2              _nop_();
  11   2              i = 11;
  12   2              j = 190;
  13   2              do
  14   2              {
  15   3                while (--j);
  16   3              } while (--i);
  17   2          }
  18   1      }
  19          
  20          
  21          void main(){
  22   1          while(1){
  23   2              P2 = 0xFE;
  24   2              Delayms(50);
  25   2              P2 = 0xFF;
  26   2              Delayms(50);
  27   2          }
  28   1      }


MODULE INFORMATION:   STATIC OVERLAYABLE
   CODE SIZE        =     57    ----
   CONSTANT SIZE    =   ----    ----
   XDATA SIZE       =   ----    ----
   PDATA SIZE       =   ----    ----
   DATA SIZE        =   ----       2
   IDATA SIZE       =   ----    ----
   BIT SIZE         =   ----    ----
END OF MODULE INFORMATION.


C51 COMPILATION COMPLETE.  0 WARNING(S),  0 ERROR(S)
