C51 COMPILER V9.54   MAIN                                                                  09/24/2025 19:22:58 PAGE 1   


C51 COMPILER V9.54, COMPILATION OF MODULE MAIN
OBJECT MODULE PLACED IN .\Objects\main.obj
COMPILER INVOKED BY: D:\Keil_v5\C51\BIN\C51.EXE main.c OPTIMIZE(8,SPEED) BROWSE DEBUG OBJECTEXTEND PRINT(.\Listings\main
                    -.lst) OBJECT(.\Objects\main.obj)

line level    source

   1          #include <REGX52.H>
   2          
   3          void Delayms(unsigned char time)
   4          {
   5   1              unsigned char data i, j;
   6   1              while(time--){
   7   2                      i = 11;
   8   2                      j = 190;
   9   2                      do
  10   2                      {
  11   3                              while (--j);
  12   3                      } while (--i);
  13   2              }
  14   1      }
  15          
  16          
  17          void main(){
  18   1              P2 = 0x00;
  19   1              while(1){
  20   2                      if(P3_1 == 0){
  21   3                              Delayms(15);
  22   3                              while(P3_1 == 0);
  23   3                              Delayms(15);
  24   3                              
  25   3                              P2 = ~(P2 << 0x01);
  26   3                              
  27   3                              if(P2 == 0)
  28   3                                      P2 = 1;
  29   3                      }
  30   2              }
  31   1      }


MODULE INFORMATION:   STATIC OVERLAYABLE
   CODE SIZE        =     52    ----
   CONSTANT SIZE    =   ----    ----
   XDATA SIZE       =   ----    ----
   PDATA SIZE       =   ----    ----
   DATA SIZE        =   ----    ----
   IDATA SIZE       =   ----    ----
   BIT SIZE         =   ----    ----
END OF MODULE INFORMATION.


C51 COMPILATION COMPLETE.  0 WARNING(S),  0 ERROR(S)
