C51 COMPILER V9.54   MAIN                                                                  09/27/2025 21:56:00 PAGE 1   


C51 COMPILER V9.54, COMPILATION OF MODULE MAIN
OBJECT MODULE PLACED IN .\Objects\main.obj
COMPILER INVOKED BY: D:\Keil_v5\C51\BIN\C51.EXE main.c OPTIMIZE(8,SPEED) BROWSE DEBUG OBJECTEXTEND PRINT(.\Listings\main
                    -.lst) OBJECT(.\Objects\main.obj)

line level    source

   1          #include <REGX52.H>
   2          
   3          unsigned char SelectTube[20] = {0x3F,0x06,0x5B,0x4F,0x66,0x6D,0x7D,0x07,0x7F,0x6F};
   4          
   5          void Delay50ms(void)    //@11.0592MHz
   6          {
   7   1              unsigned char data i;
   8   1      
   9   1              i = 110;
  10   1              while (--i);
  11   1      }
  12          
  13          
  14          void Select(unsigned char Location,Num){
  15   1      
  16   1              // Ƭѡ
  17   1              switch(Location){
  18   2                      case 1: P2_4=1;P2_3=1;P2_2=1;break;
  19   2                      case 2: P2_4=1;P2_3=1;P2_2=0;break;
  20   2                      case 3: P2_4=1;P2_3=0;P2_2=1;break;
  21   2                      case 4: P2_4=1;P2_3=0;P2_2=0;break;
  22   2                      case 5: P2_4=0;P2_3=1;P2_2=1;break;
  23   2                      case 6: P2_4=0;P2_3=1;P2_2=0;break;
  24   2                      case 7: P2_4=0;P2_3=0;P2_2=1;break;
  25   2                      case 8: P2_4=0;P2_3=0;P2_2=0;break;
  26   2              }
  27   1              
  28   1              P0 = SelectTube[Num];
  29   1              P0 = 0x00;
  30   1      }
  31          
  32          void main(){
  33   1              while(1){
  34   2                      Select(1,1);
  35   2                      Delay50ms();
  36   2                      Select(2,3);
  37   2                      Delay50ms();
  38   2                      Select(3,1);
  39   2                      Delay50ms();
  40   2                      Select(4,4);
  41   2                      Delay50ms();
  42   2                      Select(5,5);
  43   2                      Delay50ms();
  44   2                      Select(6,2);
  45   2                      Delay50ms();
  46   2                      Select(7,1);
  47   2                      Delay50ms();
  48   2                      Select(8,1);
  49   2                      Delay50ms();
  50   2              }
  51   1      }
  52          
  53          

C51 COMPILER V9.54   MAIN                                                                  09/27/2025 21:56:00 PAGE 2   


MODULE INFORMATION:   STATIC OVERLAYABLE
   CODE SIZE        =    184    ----
   CONSTANT SIZE    =   ----    ----
   XDATA SIZE       =   ----    ----
   PDATA SIZE       =   ----    ----
   DATA SIZE        =     20    ----
   IDATA SIZE       =   ----    ----
   BIT SIZE         =   ----    ----
END OF MODULE INFORMATION.


C51 COMPILATION COMPLETE.  0 WARNING(S),  0 ERROR(S)
