C51 COMPILER V9.54   MAIN                                                                  09/22/2025 22:40:52 PAGE 1   


C51 COMPILER V9.54, COMPILATION OF MODULE MAIN
OBJECT MODULE PLACED IN .\Objects\main.obj
COMPILER INVOKED BY: D:\Keil_v5\C51\BIN\C51.EXE main.c OPTIMIZE(8,SPEED) BROWSE DEBUG OBJECTEXTEND PRINT(.\Listings\main
                    -.lst) TABS(2) OBJECT(.\Objects\main.obj)

line level    source

   1          #include <REGX52.H>
   2          #include <INTRINS.H>
   3          
   4          void Delayms(int n) //@11.0592MHz
   5          {
   6   1          int i;
   7   1          for(i = 0; i < n - 25; i++){
   8   2              unsigned char data i, j;
   9   2              _nop_();
  10   2              _nop_();
  11   2              _nop_();
  12   2              i = 11;
  13   2              j = 190;
  14   2              do
  15   2              {
  16   3                while (--j);
  17   3              } while (--i);
  18   2          }
  19   1      }
  20          
  21          void main(){
  22   1          P2 = 0xFF;
  23   1          Delayms(50);
  24   1          P2 = 0xFE;
  25   1          Delayms(50);
  26   1          P2 = 0xFD;
  27   1          Delayms(50);
  28   1          P2 = 0xFB;
  29   1          Delayms(50);
  30   1          P2 = 0xF7;
  31   1          Delayms(50);
  32   1          P2 = 0xEF;
  33   1          Delayms(50);
  34   1          P2 = 0xDF;
  35   1          Delayms(50);
  36   1          P2 = 0xBF;
  37   1          Delayms(50);
  38   1          P2 = 0x7F;
  39   1          Delayms(50);
  40   1      }


MODULE INFORMATION:   STATIC OVERLAYABLE
   CODE SIZE        =    105    ----
   CONSTANT SIZE    =   ----    ----
   XDATA SIZE       =   ----    ----
   PDATA SIZE       =   ----    ----
   DATA SIZE        =   ----       2
   IDATA SIZE       =   ----    ----
   BIT SIZE         =   ----    ----
END OF MODULE INFORMATION.


C51 COMPILATION COMPLETE.  0 WARNING(S),  0 ERROR(S)
