C51 COMPILER V9.54   MAIN                                                                  09/24/2025 18:52:15 PAGE 1   


C51 COMPILER V9.54, COMPILATION OF MODULE MAIN
OBJECT MODULE PLACED IN .\Objects\main.obj
COMPILER INVOKED BY: D:\Keil_v5\C51\BIN\C51.EXE main.c OPTIMIZE(8,SPEED) BROWSE DEBUG OBJECTEXTEND PRINT(.\Listings\main
                    -.lst) OBJECT(.\Objects\main.obj)

line level    source

   1          #include <REGX52.H>
   2          
   3          void Delayms(unsigned int time) //@11.0592MHz
   4          {
   5   1              unsigned char data i, j;
   6   1              while(time){
   7   2                      i = 11;
   8   2                      j = 190;
   9   2                      do
  10   2                      {
  11   3                              while (--j);
  12   3                      } while (--i);
  13   2                      time--;
  14   2              }
  15   1      }
  16          
  17          
  18          void LedOnOff_with_Button(){
  19   1              while(1){
  20   2                      if(P3_1 == 0 && P3_0 == 0){
  21   3                              P2_0 = 0;
  22   3                      }else{
  23   3                              P2_0 = 1;
  24   3                      }
  25   2              }
  26   1      }
  27          
  28          void LedInvert(){
  29   1              P2_0 = 1;
  30   1              while(1){
  31   2                      if (P3_1 == 0){
  32   3                              // °´¼üÏû¶¶¡ý
  33   3                              Delayms(5);
  34   3                              while(P3_1 == 0);
  35   3                              Delayms(5);
  36   3                              
  37   3                              P2_0 = ~P2_0;
  38   3                      }
  39   2              }
  40   1      }
  41          
  42          void main(){
  43   1              LedInvert();
  44   1      }


MODULE INFORMATION:   STATIC OVERLAYABLE
   CODE SIZE        =     63    ----
   CONSTANT SIZE    =   ----    ----
   XDATA SIZE       =   ----    ----
   PDATA SIZE       =   ----    ----
   DATA SIZE        =   ----    ----
   IDATA SIZE       =   ----    ----
   BIT SIZE         =   ----    ----
C51 COMPILER V9.54   MAIN                                                                  09/24/2025 18:52:15 PAGE 2   

END OF MODULE INFORMATION.


C51 COMPILATION COMPLETE.  0 WARNING(S),  0 ERROR(S)
